[INFO ] 2017-10-12 11:35:29.451 [main] PatentServerApplication - Starting PatentServerApplication on DESKTOP-4P6MLVA with PID 11428 (C:\projects\others\server\gameServer\target\classes started by 10308 in C:\projects\others\server\gameServer)
[INFO ] 2017-10-12 11:35:29.461 [main] PatentServerApplication - No active profile set, falling back to default profiles: default
[INFO ] 2017-10-12 11:35:29.496 [main] AnnotationConfigEmbeddedWebApplicationContext - Refreshing org.springframework.boot.context.embedded.AnnotationConfigEmbeddedWebApplicationContext@43c1b556: startup date [Thu Oct 12 11:35:29 CST 2017]; root of context hierarchy
[INFO ] 2017-10-12 11:35:29.561 [background-preinit] Version - HV000001: Hibernate Validator 5.3.5.Final
[INFO ] 2017-10-12 11:35:30.127 [main] RepositoryConfigurationDelegate - Multiple Spring Data modules found, entering strict repository configuration mode!
[INFO ] 2017-10-12 11:35:30.440 [main] PostProcessorRegistrationDelegate$BeanPostProcessorChecker - Bean 'redisConfig' of type [com.cjj.game.config.RedisConfig$$EnhancerBySpringCGLIB$$e7e1e08a] is not eligible for getting processed by all BeanPostProcessors (for example: not eligible for auto-proxying)
[INFO ] 2017-10-12 11:35:30.447 [main] PostProcessorRegistrationDelegate$BeanPostProcessorChecker - Bean 'org.springframework.transaction.annotation.ProxyTransactionManagementConfiguration' of type [org.springframework.transaction.annotation.ProxyTransactionManagementConfiguration$$EnhancerBySpringCGLIB$$98a71330] is not eligible for getting processed by all BeanPostProcessors (for example: not eligible for auto-proxying)
[INFO ] 2017-10-12 11:35:30.473 [main] PostProcessorRegistrationDelegate$BeanPostProcessorChecker - Bean 'keyGenerator' of type [com.cjj.game.config.RedisConfig$1] is not eligible for getting processed by all BeanPostProcessors (for example: not eligible for auto-proxying)
[INFO ] 2017-10-12 11:35:30.473 [main] PostProcessorRegistrationDelegate$BeanPostProcessorChecker - Bean 'org.springframework.cache.annotation.ProxyCachingConfiguration' of type [org.springframework.cache.annotation.ProxyCachingConfiguration$$EnhancerBySpringCGLIB$$e1b9494e] is not eligible for getting processed by all BeanPostProcessors (for example: not eligible for auto-proxying)
[INFO ] 2017-10-12 11:35:30.701 [main] TomcatEmbeddedServletContainer - Tomcat initialized with port(s): 9001 (http)
[INFO ] 2017-10-12 11:35:30.709 [main] StandardService - Starting service [Tomcat]
[INFO ] 2017-10-12 11:35:30.710 [main] StandardEngine - Starting Servlet Engine: Apache Tomcat/8.5.16
[INFO ] 2017-10-12 11:35:30.791 [localhost-startStop-1] [/gamecenter] - Initializing Spring embedded WebApplicationContext
[INFO ] 2017-10-12 11:35:30.791 [localhost-startStop-1] ContextLoader - Root WebApplicationContext: initialization completed in 1297 ms
[INFO ] 2017-10-12 11:35:30.932 [localhost-startStop-1] ServletRegistrationBean - Mapping servlet: 'dispatcherServlet' to [/]
[INFO ] 2017-10-12 11:35:30.936 [localhost-startStop-1] FilterRegistrationBean - Mapping filter: 'simpleCorsFilter' to: [/*]
[INFO ] 2017-10-12 11:35:30.936 [localhost-startStop-1] FilterRegistrationBean - Mapping filter: 'characterEncodingFilter' to: [/*]
[INFO ] 2017-10-12 11:35:30.936 [localhost-startStop-1] FilterRegistrationBean - Mapping filter: 'hiddenHttpMethodFilter' to: [/*]
[INFO ] 2017-10-12 11:35:30.936 [localhost-startStop-1] FilterRegistrationBean - Mapping filter: 'httpPutFormContentFilter' to: [/*]
[INFO ] 2017-10-12 11:35:30.937 [localhost-startStop-1] FilterRegistrationBean - Mapping filter: 'requestContextFilter' to: [/*]
[INFO ] 2017-10-12 11:35:31.523 [main] RequestMappingHandlerMapping - Mapped "{[/gc/top10],methods=[POST]}" onto public com.cjj.response.GeneralResponse com.cjj.game.controller.GameCenterController.top10()
[INFO ] 2017-10-12 11:35:31.524 [main] RequestMappingHandlerMapping - Mapped "{[/gc/add],methods=[POST]}" onto public com.cjj.response.GeneralResponse com.cjj.game.controller.GameCenterController.getContractOwner(com.cjj.request.AddScoreReq)
[INFO ] 2017-10-12 11:35:31.525 [main] RequestMappingHandlerMapping - Mapped "{[/v2/api-docs],methods=[GET],produces=[application/json || application/hal+json]}" onto public org.springframework.http.ResponseEntity<springfox.documentation.spring.web.json.Json> springfox.documentation.swagger2.web.Swagger2Controller.getDocumentation(java.lang.String,javax.servlet.http.HttpServletRequest)
[INFO ] 2017-10-12 11:35:31.528 [main] RequestMappingHandlerMapping - Mapped "{[/swagger-resources/configuration/ui]}" onto org.springframework.http.ResponseEntity<springfox.documentation.swagger.web.UiConfiguration> springfox.documentation.swagger.web.ApiResourceController.uiConfiguration()
[INFO ] 2017-10-12 11:35:31.529 [main] RequestMappingHandlerMapping - Mapped "{[/swagger-resources]}" onto org.springframework.http.ResponseEntity<java.util.List<springfox.documentation.swagger.web.SwaggerResource>> springfox.documentation.swagger.web.ApiResourceController.swaggerResources()
[INFO ] 2017-10-12 11:35:31.529 [main] RequestMappingHandlerMapping - Mapped "{[/swagger-resources/configuration/security]}" onto org.springframework.http.ResponseEntity<springfox.documentation.swagger.web.SecurityConfiguration> springfox.documentation.swagger.web.ApiResourceController.securityConfiguration()
[INFO ] 2017-10-12 11:35:31.532 [main] RequestMappingHandlerMapping - Mapped "{[/error]}" onto public org.springframework.http.ResponseEntity<java.util.Map<java.lang.String, java.lang.Object>> org.springframework.boot.autoconfigure.web.BasicErrorController.error(javax.servlet.http.HttpServletRequest)
[INFO ] 2017-10-12 11:35:31.532 [main] RequestMappingHandlerMapping - Mapped "{[/error],produces=[text/html]}" onto public org.springframework.web.servlet.ModelAndView org.springframework.boot.autoconfigure.web.BasicErrorController.errorHtml(javax.servlet.http.HttpServletRequest,javax.servlet.http.HttpServletResponse)
[INFO ] 2017-10-12 11:35:32.177 [main] RequestMappingHandlerAdapter - Looking for @ControllerAdvice: org.springframework.boot.context.embedded.AnnotationConfigEmbeddedWebApplicationContext@43c1b556: startup date [Thu Oct 12 11:35:29 CST 2017]; root of context hierarchy
[INFO ] 2017-10-12 11:35:32.219 [main] SimpleUrlHandlerMapping - Mapped URL path [/webjars/**] onto handler of type [class org.springframework.web.servlet.resource.ResourceHttpRequestHandler]
[INFO ] 2017-10-12 11:35:32.219 [main] SimpleUrlHandlerMapping - Mapped URL path [/**] onto handler of type [class org.springframework.web.servlet.resource.ResourceHttpRequestHandler]
[INFO ] 2017-10-12 11:35:32.247 [main] SimpleUrlHandlerMapping - Mapped URL path [/**/favicon.ico] onto handler of type [class org.springframework.web.servlet.resource.ResourceHttpRequestHandler]
[WARN ] 2017-10-12 11:35:32.437 [main] RedisStarterDeprecationWarningAutoConfiguration - spring-boot-starter-redis is deprecated as of Spring Boot 1.4, please migrate to spring-boot-starter-data-redis
[INFO ] 2017-10-12 11:35:32.482 [main] AnnotationMBeanExporter - Registering beans for JMX exposure on startup
[INFO ] 2017-10-12 11:35:32.489 [main] DefaultLifecycleProcessor - Starting beans in phase 2147483647
[INFO ] 2017-10-12 11:35:32.489 [main] DocumentationPluginsBootstrapper - Context refreshed
[INFO ] 2017-10-12 11:35:32.501 [main] DocumentationPluginsBootstrapper - Found 1 custom documentation plugin(s)
[INFO ] 2017-10-12 11:35:32.508 [main] ApiListingReferenceScanner - Scanning for api listing references
[INFO ] 2017-10-12 11:35:32.610 [main] Http11NioProtocol - Initializing ProtocolHandler ["http-nio-9001"]
[INFO ] 2017-10-12 11:35:32.618 [main] Http11NioProtocol - Starting ProtocolHandler ["http-nio-9001"]
[INFO ] 2017-10-12 11:35:32.626 [main] NioSelectorPool - Using a shared selector for servlet write/read
[INFO ] 2017-10-12 11:35:32.640 [main] TomcatEmbeddedServletContainer - Tomcat started on port(s): 9001 (http)
[INFO ] 2017-10-12 11:35:32.644 [main] PatentServerApplication - Started PatentServerApplication in 3.343 seconds (JVM running for 4.052)
[INFO ] 2017-10-12 11:35:58.751 [http-nio-9001-exec-7] [/gamecenter] - Initializing Spring FrameworkServlet 'dispatcherServlet'
[INFO ] 2017-10-12 11:35:58.751 [http-nio-9001-exec-7] DispatcherServlet - FrameworkServlet 'dispatcherServlet': initialization started
[INFO ] 2017-10-12 11:35:58.768 [http-nio-9001-exec-7] DispatcherServlet - FrameworkServlet 'dispatcherServlet': initialization completed in 16 ms
[INFO ] 2017-10-12 11:36:04.083 [http-nio-9001-exec-10] GameCenterController - top10
[INFO ] 2017-10-12 11:36:06.815 [http-nio-9001-exec-10] XmlBeanDefinitionReader - Loading XML bean definitions from class path resource [org/springframework/jdbc/support/sql-error-codes.xml]
[INFO ] 2017-10-12 11:36:06.872 [http-nio-9001-exec-10] SQLErrorCodesFactory - SQLErrorCodes loaded: [DB2, Derby, H2, HSQL, Informix, MS-SQL, MySQL, Oracle, PostgreSQL, Sybase, Hana]
[ERROR] 2017-10-12 11:36:06.888 [http-nio-9001-exec-10] [dispatcherServlet] - Servlet.service() for servlet [dispatcherServlet] in context with path [/gamecenter] threw exception [Request processing failed; nested exception is org.springframework.jdbc.BadSqlGrammarException: 
### Error querying database.  Cause: com.mysql.jdbc.exceptions.jdbc4.MySQLSyntaxErrorException: You have an error in your SQL syntax; check the manual that corresponds to your MySQL server version for the right syntax to use near ''game_center'.scores ORDER BY score desc limit 0,10' at line 1
### The error may exist in com/cjj/mapper/ScoresMapper.java (best guess)
### The error may involve com.cjj.mapper.ScoresMapper.getOrderByScore-Inline
### The error occurred while setting parameters
### SQL: SELECT * FROM ?.scores ORDER BY score desc limit 0,10
### Cause: com.mysql.jdbc.exceptions.jdbc4.MySQLSyntaxErrorException: You have an error in your SQL syntax; check the manual that corresponds to your MySQL server version for the right syntax to use near ''game_center'.scores ORDER BY score desc limit 0,10' at line 1
; bad SQL grammar []; nested exception is com.mysql.jdbc.exceptions.jdbc4.MySQLSyntaxErrorException: You have an error in your SQL syntax; check the manual that corresponds to your MySQL server version for the right syntax to use near ''game_center'.scores ORDER BY score desc limit 0,10' at line 1] with root cause
com.mysql.jdbc.exceptions.jdbc4.MySQLSyntaxErrorException: You have an error in your SQL syntax; check the manual that corresponds to your MySQL server version for the right syntax to use near ''game_center'.scores ORDER BY score desc limit 0,10' at line 1
	at sun.reflect.NativeConstructorAccessorImpl.newInstance0(Native Method) ~[?:1.8.0_144]
	at sun.reflect.NativeConstructorAccessorImpl.newInstance(NativeConstructorAccessorImpl.java:62) ~[?:1.8.0_144]
	at sun.reflect.DelegatingConstructorAccessorImpl.newInstance(DelegatingConstructorAccessorImpl.java:45) ~[?:1.8.0_144]
	at java.lang.reflect.Constructor.newInstance(Constructor.java:423) ~[?:1.8.0_144]
	at com.mysql.jdbc.Util.handleNewInstance(Util.java:425) ~[mysql-connector-java-5.1.43.jar:5.1.43]
	at com.mysql.jdbc.Util.getInstance(Util.java:408) ~[mysql-connector-java-5.1.43.jar:5.1.43]
	at com.mysql.jdbc.SQLError.createSQLException(SQLError.java:943) ~[mysql-connector-java-5.1.43.jar:5.1.43]
	at com.mysql.jdbc.MysqlIO.checkErrorPacket(MysqlIO.java:3973) ~[mysql-connector-java-5.1.43.jar:5.1.43]
	at com.mysql.jdbc.MysqlIO.checkErrorPacket(MysqlIO.java:3909) ~[mysql-connector-java-5.1.43.jar:5.1.43]
	at com.mysql.jdbc.MysqlIO.sendCommand(MysqlIO.java:2527) ~[mysql-connector-java-5.1.43.jar:5.1.43]
	at com.mysql.jdbc.MysqlIO.sqlQueryDirect(MysqlIO.java:2680) ~[mysql-connector-java-5.1.43.jar:5.1.43]
	at com.mysql.jdbc.ConnectionImpl.execSQL(ConnectionImpl.java:2494) ~[mysql-connector-java-5.1.43.jar:5.1.43]
	at com.mysql.jdbc.PreparedStatement.executeInternal(PreparedStatement.java:1858) ~[mysql-connector-java-5.1.43.jar:5.1.43]
	at com.mysql.jdbc.PreparedStatement.execute(PreparedStatement.java:1197) ~[mysql-connector-java-5.1.43.jar:5.1.43]
	at sun.reflect.NativeMethodAccessorImpl.invoke0(Native Method) ~[?:1.8.0_144]
	at sun.reflect.NativeMethodAccessorImpl.invoke(NativeMethodAccessorImpl.java:62) ~[?:1.8.0_144]
	at sun.reflect.DelegatingMethodAccessorImpl.invoke(DelegatingMethodAccessorImpl.java:43) ~[?:1.8.0_144]
	at java.lang.reflect.Method.invoke(Method.java:498) ~[?:1.8.0_144]
	at org.apache.tomcat.jdbc.pool.StatementFacade$StatementProxy.invoke(StatementFacade.java:114) ~[tomcat-jdbc-8.5.16.jar:?]
	at com.sun.proxy.$Proxy113.execute(Unknown Source) ~[?:?]
	at org.apache.ibatis.executor.statement.PreparedStatementHandler.query(PreparedStatementHandler.java:63) ~[mybatis-3.4.0.jar:3.4.0]
	at org.apache.ibatis.executor.statement.RoutingStatementHandler.query(RoutingStatementHandler.java:79) ~[mybatis-3.4.0.jar:3.4.0]
	at org.apache.ibatis.executor.SimpleExecutor.doQuery(SimpleExecutor.java:63) ~[mybatis-3.4.0.jar:3.4.0]
	at org.apache.ibatis.executor.BaseExecutor.queryFromDatabase(BaseExecutor.java:325) ~[mybatis-3.4.0.jar:3.4.0]
	at org.apache.ibatis.executor.BaseExecutor.query(BaseExecutor.java:156) ~[mybatis-3.4.0.jar:3.4.0]
	at org.apache.ibatis.executor.CachingExecutor.query(CachingExecutor.java:109) ~[mybatis-3.4.0.jar:3.4.0]
	at org.apache.ibatis.executor.CachingExecutor.query(CachingExecutor.java:83) ~[mybatis-3.4.0.jar:3.4.0]
	at org.apache.ibatis.session.defaults.DefaultSqlSession.selectList(DefaultSqlSession.java:148) ~[mybatis-3.4.0.jar:3.4.0]
	at org.apache.ibatis.session.defaults.DefaultSqlSession.selectList(DefaultSqlSession.java:141) ~[mybatis-3.4.0.jar:3.4.0]
	at sun.reflect.NativeMethodAccessorImpl.invoke0(Native Method) ~[?:1.8.0_144]
	at sun.reflect.NativeMethodAccessorImpl.invoke(NativeMethodAccessorImpl.java:62) ~[?:1.8.0_144]
	at sun.reflect.DelegatingMethodAccessorImpl.invoke(DelegatingMethodAccessorImpl.java:43) ~[?:1.8.0_144]
	at java.lang.reflect.Method.invoke(Method.java:498) ~[?:1.8.0_144]
	at org.mybatis.spring.SqlSessionTemplate$SqlSessionInterceptor.invoke(SqlSessionTemplate.java:434) ~[mybatis-spring-1.3.0.jar:1.3.0]
	at com.sun.proxy.$Proxy74.selectList(Unknown Source) ~[?:?]
	at org.mybatis.spring.SqlSessionTemplate.selectList(SqlSessionTemplate.java:231) ~[mybatis-spring-1.3.0.jar:1.3.0]
	at org.apache.ibatis.binding.MapperMethod.executeForMany(MapperMethod.java:128) ~[mybatis-3.4.0.jar:3.4.0]
	at org.apache.ibatis.binding.MapperMethod.execute(MapperMethod.java:68) ~[mybatis-3.4.0.jar:3.4.0]
	at org.apache.ibatis.binding.MapperProxy.invoke(MapperProxy.java:53) ~[mybatis-3.4.0.jar:3.4.0]
	at com.sun.proxy.$Proxy77.getOrderByScore(Unknown Source) ~[?:?]
	at com.cjj.game.service.impl.GameCenterServiceImpl.getTopTen(GameCenterServiceImpl.java:36) ~[classes/:?]
	at com.cjj.game.controller.GameCenterController.top10(GameCenterController.java:40) ~[classes/:?]
	at sun.reflect.NativeMethodAccessorImpl.invoke0(Native Method) ~[?:1.8.0_144]
	at sun.reflect.NativeMethodAccessorImpl.invoke(NativeMethodAccessorImpl.java:62) ~[?:1.8.0_144]
	at sun.reflect.DelegatingMethodAccessorImpl.invoke(DelegatingMethodAccessorImpl.java:43) ~[?:1.8.0_144]
	at java.lang.reflect.Method.invoke(Method.java:498) ~[?:1.8.0_144]
	at org.springframework.web.method.support.InvocableHandlerMethod.doInvoke(InvocableHandlerMethod.java:205) ~[spring-web-4.3.10.RELEASE.jar:4.3.10.RELEASE]
	at org.springframework.web.method.support.InvocableHandlerMethod.invokeForRequest(InvocableHandlerMethod.java:133) ~[spring-web-4.3.10.RELEASE.jar:4.3.10.RELEASE]
	at org.springframework.web.servlet.mvc.method.annotation.ServletInvocableHandlerMethod.invokeAndHandle(ServletInvocableHandlerMethod.java:97) ~[spring-webmvc-4.3.10.RELEASE.jar:4.3.10.RELEASE]
	at org.springframework.web.servlet.mvc.method.annotation.RequestMappingHandlerAdapter.invokeHandlerMethod(RequestMappingHandlerAdapter.java:827) ~[spring-webmvc-4.3.10.RELEASE.jar:4.3.10.RELEASE]
	at org.springframework.web.servlet.mvc.method.annotation.RequestMappingHandlerAdapter.handleInternal(RequestMappingHandlerAdapter.java:738) ~[spring-webmvc-4.3.10.RELEASE.jar:4.3.10.RELEASE]
	at org.springframework.web.servlet.mvc.method.AbstractHandlerMethodAdapter.handle(AbstractHandlerMethodAdapter.java:85) ~[spring-webmvc-4.3.10.RELEASE.jar:4.3.10.RELEASE]
	at org.springframework.web.servlet.DispatcherServlet.doDispatch(DispatcherServlet.java:967) ~[spring-webmvc-4.3.10.RELEASE.jar:4.3.10.RELEASE]
	at org.springframework.web.servlet.DispatcherServlet.doService(DispatcherServlet.java:901) ~[spring-webmvc-4.3.10.RELEASE.jar:4.3.10.RELEASE]
	at org.springframework.web.servlet.FrameworkServlet.processRequest(FrameworkServlet.java:970) ~[spring-webmvc-4.3.10.RELEASE.jar:4.3.10.RELEASE]
	at org.springframework.web.servlet.FrameworkServlet.doPost(FrameworkServlet.java:872) ~[spring-webmvc-4.3.10.RELEASE.jar:4.3.10.RELEASE]
	at javax.servlet.http.HttpServlet.service(HttpServlet.java:661) ~[tomcat-embed-core-8.5.16.jar:8.5.16]
	at org.springframework.web.servlet.FrameworkServlet.service(FrameworkServlet.java:846) ~[spring-webmvc-4.3.10.RELEASE.jar:4.3.10.RELEASE]
	at javax.servlet.http.HttpServlet.service(HttpServlet.java:742) ~[tomcat-embed-core-8.5.16.jar:8.5.16]
	at org.apache.catalina.core.ApplicationFilterChain.internalDoFilter(ApplicationFilterChain.java:231) ~[tomcat-embed-core-8.5.16.jar:8.5.16]
	at org.apache.catalina.core.ApplicationFilterChain.doFilter(ApplicationFilterChain.java:166) ~[tomcat-embed-core-8.5.16.jar:8.5.16]
	at org.apache.tomcat.websocket.server.WsFilter.doFilter(WsFilter.java:52) ~[tomcat-embed-websocket-8.5.16.jar:8.5.16]
	at org.apache.catalina.core.ApplicationFilterChain.internalDoFilter(ApplicationFilterChain.java:193) ~[tomcat-embed-core-8.5.16.jar:8.5.16]
	at org.apache.catalina.core.ApplicationFilterChain.doFilter(ApplicationFilterChain.java:166) ~[tomcat-embed-core-8.5.16.jar:8.5.16]
	at org.springframework.web.filter.RequestContextFilter.doFilterInternal(RequestContextFilter.java:99) ~[spring-web-4.3.10.RELEASE.jar:4.3.10.RELEASE]
	at org.springframework.web.filter.OncePerRequestFilter.doFilter(OncePerRequestFilter.java:107) ~[spring-web-4.3.10.RELEASE.jar:4.3.10.RELEASE]
	at org.apache.catalina.core.ApplicationFilterChain.internalDoFilter(ApplicationFilterChain.java:193) ~[tomcat-embed-core-8.5.16.jar:8.5.16]
	at org.apache.catalina.core.ApplicationFilterChain.doFilter(ApplicationFilterChain.java:166) ~[tomcat-embed-core-8.5.16.jar:8.5.16]
	at org.springframework.web.filter.HttpPutFormContentFilter.doFilterInternal(HttpPutFormContentFilter.java:105) ~[spring-web-4.3.10.RELEASE.jar:4.3.10.RELEASE]
	at org.springframework.web.filter.OncePerRequestFilter.doFilter(OncePerRequestFilter.java:107) ~[spring-web-4.3.10.RELEASE.jar:4.3.10.RELEASE]
	at org.apache.catalina.core.ApplicationFilterChain.internalDoFilter(ApplicationFilterChain.java:193) ~[tomcat-embed-core-8.5.16.jar:8.5.16]
	at org.apache.catalina.core.ApplicationFilterChain.doFilter(ApplicationFilterChain.java:166) ~[tomcat-embed-core-8.5.16.jar:8.5.16]
	at org.springframework.web.filter.HiddenHttpMethodFilter.doFilterInternal(HiddenHttpMethodFilter.java:81) ~[spring-web-4.3.10.RELEASE.jar:4.3.10.RELEASE]
	at org.springframework.web.filter.OncePerRequestFilter.doFilter(OncePerRequestFilter.java:107) ~[spring-web-4.3.10.RELEASE.jar:4.3.10.RELEASE]
	at org.apache.catalina.core.ApplicationFilterChain.internalDoFilter(ApplicationFilterChain.java:193) ~[tomcat-embed-core-8.5.16.jar:8.5.16]
	at org.apache.catalina.core.ApplicationFilterChain.doFilter(ApplicationFilterChain.java:166) ~[tomcat-embed-core-8.5.16.jar:8.5.16]
	at org.springframework.web.filter.CharacterEncodingFilter.doFilterInternal(CharacterEncodingFilter.java:197) ~[spring-web-4.3.10.RELEASE.jar:4.3.10.RELEASE]
	at org.springframework.web.filter.OncePerRequestFilter.doFilter(OncePerRequestFilter.java:107) ~[spring-web-4.3.10.RELEASE.jar:4.3.10.RELEASE]
	at org.apache.catalina.core.ApplicationFilterChain.internalDoFilter(ApplicationFilterChain.java:193) ~[tomcat-embed-core-8.5.16.jar:8.5.16]
	at org.apache.catalina.core.ApplicationFilterChain.doFilter(ApplicationFilterChain.java:166) ~[tomcat-embed-core-8.5.16.jar:8.5.16]
	at com.cjj.game.config.SimpleCorsFilter.doFilter(SimpleCorsFilter.java:36) ~[classes/:?]
	at org.apache.catalina.core.ApplicationFilterChain.internalDoFilter(ApplicationFilterChain.java:193) ~[tomcat-embed-core-8.5.16.jar:8.5.16]
	at org.apache.catalina.core.ApplicationFilterChain.doFilter(ApplicationFilterChain.java:166) ~[tomcat-embed-core-8.5.16.jar:8.5.16]
	at org.apache.catalina.core.StandardWrapperValve.invoke(StandardWrapperValve.java:198) [tomcat-embed-core-8.5.16.jar:8.5.16]
	at org.apache.catalina.core.StandardContextValve.invoke(StandardContextValve.java:96) [tomcat-embed-core-8.5.16.jar:8.5.16]
	at org.apache.catalina.authenticator.AuthenticatorBase.invoke(AuthenticatorBase.java:478) [tomcat-embed-core-8.5.16.jar:8.5.16]
	at org.apache.catalina.core.StandardHostValve.invoke(StandardHostValve.java:140) [tomcat-embed-core-8.5.16.jar:8.5.16]
	at org.apache.catalina.valves.ErrorReportValve.invoke(ErrorReportValve.java:80) [tomcat-embed-core-8.5.16.jar:8.5.16]
	at org.apache.catalina.core.StandardEngineValve.invoke(StandardEngineValve.java:87) [tomcat-embed-core-8.5.16.jar:8.5.16]
	at org.apache.catalina.connector.CoyoteAdapter.service(CoyoteAdapter.java:342) [tomcat-embed-core-8.5.16.jar:8.5.16]
	at org.apache.coyote.http11.Http11Processor.service(Http11Processor.java:799) [tomcat-embed-core-8.5.16.jar:8.5.16]
	at org.apache.coyote.AbstractProcessorLight.process(AbstractProcessorLight.java:66) [tomcat-embed-core-8.5.16.jar:8.5.16]
	at org.apache.coyote.AbstractProtocol$ConnectionHandler.process(AbstractProtocol.java:868) [tomcat-embed-core-8.5.16.jar:8.5.16]
	at org.apache.tomcat.util.net.NioEndpoint$SocketProcessor.doRun(NioEndpoint.java:1455) [tomcat-embed-core-8.5.16.jar:8.5.16]
	at org.apache.tomcat.util.net.SocketProcessorBase.run(SocketProcessorBase.java:49) [tomcat-embed-core-8.5.16.jar:8.5.16]
	at java.util.concurrent.ThreadPoolExecutor.runWorker(ThreadPoolExecutor.java:1149) [?:1.8.0_144]
	at java.util.concurrent.ThreadPoolExecutor$Worker.run(ThreadPoolExecutor.java:624) [?:1.8.0_144]
	at org.apache.tomcat.util.threads.TaskThread$WrappingRunnable.run(TaskThread.java:61) [tomcat-embed-core-8.5.16.jar:8.5.16]
	at java.lang.Thread.run(Thread.java:748) [?:1.8.0_144]
[INFO ] 2017-10-12 11:38:20.521 [RMI TCP Connection(2)-127.0.0.1] SpringApplicationAdminMXBeanRegistrar$SpringApplicationAdmin - Application shutdown requested.
[INFO ] 2017-10-12 11:38:20.522 [RMI TCP Connection(2)-127.0.0.1] AnnotationConfigEmbeddedWebApplicationContext - Closing org.springframework.boot.context.embedded.AnnotationConfigEmbeddedWebApplicationContext@43c1b556: startup date [Thu Oct 12 11:35:29 CST 2017]; root of context hierarchy
[INFO ] 2017-10-12 11:38:20.524 [RMI TCP Connection(2)-127.0.0.1] DefaultLifecycleProcessor - Stopping beans in phase 2147483647
[INFO ] 2017-10-12 11:38:20.525 [RMI TCP Connection(2)-127.0.0.1] AnnotationMBeanExporter - Unregistering JMX-exposed beans on shutdown
[INFO ] 2017-10-12 11:38:26.833 [main] PatentServerApplication - Starting PatentServerApplication on DESKTOP-4P6MLVA with PID 11656 (C:\projects\others\server\gameServer\target\classes started by 10308 in C:\projects\others\server\gameServer)
[INFO ] 2017-10-12 11:38:26.842 [main] PatentServerApplication - No active profile set, falling back to default profiles: default
[INFO ] 2017-10-12 11:38:26.876 [main] AnnotationConfigEmbeddedWebApplicationContext - Refreshing org.springframework.boot.context.embedded.AnnotationConfigEmbeddedWebApplicationContext@43c1b556: startup date [Thu Oct 12 11:38:26 CST 2017]; root of context hierarchy
[INFO ] 2017-10-12 11:38:26.945 [background-preinit] Version - HV000001: Hibernate Validator 5.3.5.Final
[INFO ] 2017-10-12 11:38:27.467 [main] RepositoryConfigurationDelegate - Multiple Spring Data modules found, entering strict repository configuration mode!
[INFO ] 2017-10-12 11:38:27.766 [main] PostProcessorRegistrationDelegate$BeanPostProcessorChecker - Bean 'redisConfig' of type [com.cjj.game.config.RedisConfig$$EnhancerBySpringCGLIB$$b3fed8e0] is not eligible for getting processed by all BeanPostProcessors (for example: not eligible for auto-proxying)
[INFO ] 2017-10-12 11:38:27.772 [main] PostProcessorRegistrationDelegate$BeanPostProcessorChecker - Bean 'org.springframework.transaction.annotation.ProxyTransactionManagementConfiguration' of type [org.springframework.transaction.annotation.ProxyTransactionManagementConfiguration$$EnhancerBySpringCGLIB$$64c40b86] is not eligible for getting processed by all BeanPostProcessors (for example: not eligible for auto-proxying)
[INFO ] 2017-10-12 11:38:27.794 [main] PostProcessorRegistrationDelegate$BeanPostProcessorChecker - Bean 'keyGenerator' of type [com.cjj.game.config.RedisConfig$1] is not eligible for getting processed by all BeanPostProcessors (for example: not eligible for auto-proxying)
[INFO ] 2017-10-12 11:38:27.795 [main] PostProcessorRegistrationDelegate$BeanPostProcessorChecker - Bean 'org.springframework.cache.annotation.ProxyCachingConfiguration' of type [org.springframework.cache.annotation.ProxyCachingConfiguration$$EnhancerBySpringCGLIB$$add641a4] is not eligible for getting processed by all BeanPostProcessors (for example: not eligible for auto-proxying)
[INFO ] 2017-10-12 11:38:28.011 [main] TomcatEmbeddedServletContainer - Tomcat initialized with port(s): 9001 (http)
[INFO ] 2017-10-12 11:38:28.019 [main] StandardService - Starting service [Tomcat]
[INFO ] 2017-10-12 11:38:28.020 [main] StandardEngine - Starting Servlet Engine: Apache Tomcat/8.5.16
[INFO ] 2017-10-12 11:38:28.097 [localhost-startStop-1] [/gamecenter] - Initializing Spring embedded WebApplicationContext
[INFO ] 2017-10-12 11:38:28.098 [localhost-startStop-1] ContextLoader - Root WebApplicationContext: initialization completed in 1224 ms
[INFO ] 2017-10-12 11:38:28.218 [localhost-startStop-1] ServletRegistrationBean - Mapping servlet: 'dispatcherServlet' to [/]
[INFO ] 2017-10-12 11:38:28.221 [localhost-startStop-1] FilterRegistrationBean - Mapping filter: 'simpleCorsFilter' to: [/*]
[INFO ] 2017-10-12 11:38:28.222 [localhost-startStop-1] FilterRegistrationBean - Mapping filter: 'characterEncodingFilter' to: [/*]
[INFO ] 2017-10-12 11:38:28.222 [localhost-startStop-1] FilterRegistrationBean - Mapping filter: 'hiddenHttpMethodFilter' to: [/*]
[INFO ] 2017-10-12 11:38:28.222 [localhost-startStop-1] FilterRegistrationBean - Mapping filter: 'httpPutFormContentFilter' to: [/*]
[INFO ] 2017-10-12 11:38:28.222 [localhost-startStop-1] FilterRegistrationBean - Mapping filter: 'requestContextFilter' to: [/*]
[INFO ] 2017-10-12 11:38:28.751 [main] RequestMappingHandlerMapping - Mapped "{[/gc/top10],methods=[POST]}" onto public com.cjj.response.GeneralResponse com.cjj.game.controller.GameCenterController.top10()
[INFO ] 2017-10-12 11:38:28.754 [main] RequestMappingHandlerMapping - Mapped "{[/gc/add],methods=[POST]}" onto public com.cjj.response.GeneralResponse com.cjj.game.controller.GameCenterController.getContractOwner(com.cjj.request.AddScoreReq)
[INFO ] 2017-10-12 11:38:28.754 [main] RequestMappingHandlerMapping - Mapped "{[/v2/api-docs],methods=[GET],produces=[application/json || application/hal+json]}" onto public org.springframework.http.ResponseEntity<springfox.documentation.spring.web.json.Json> springfox.documentation.swagger2.web.Swagger2Controller.getDocumentation(java.lang.String,javax.servlet.http.HttpServletRequest)
[INFO ] 2017-10-12 11:38:28.757 [main] RequestMappingHandlerMapping - Mapped "{[/swagger-resources/configuration/ui]}" onto org.springframework.http.ResponseEntity<springfox.documentation.swagger.web.UiConfiguration> springfox.documentation.swagger.web.ApiResourceController.uiConfiguration()
[INFO ] 2017-10-12 11:38:28.757 [main] RequestMappingHandlerMapping - Mapped "{[/swagger-resources]}" onto org.springframework.http.ResponseEntity<java.util.List<springfox.documentation.swagger.web.SwaggerResource>> springfox.documentation.swagger.web.ApiResourceController.swaggerResources()
[INFO ] 2017-10-12 11:38:28.758 [main] RequestMappingHandlerMapping - Mapped "{[/swagger-resources/configuration/security]}" onto org.springframework.http.ResponseEntity<springfox.documentation.swagger.web.SecurityConfiguration> springfox.documentation.swagger.web.ApiResourceController.securityConfiguration()
[INFO ] 2017-10-12 11:38:28.761 [main] RequestMappingHandlerMapping - Mapped "{[/error]}" onto public org.springframework.http.ResponseEntity<java.util.Map<java.lang.String, java.lang.Object>> org.springframework.boot.autoconfigure.web.BasicErrorController.error(javax.servlet.http.HttpServletRequest)
[INFO ] 2017-10-12 11:38:28.761 [main] RequestMappingHandlerMapping - Mapped "{[/error],produces=[text/html]}" onto public org.springframework.web.servlet.ModelAndView org.springframework.boot.autoconfigure.web.BasicErrorController.errorHtml(javax.servlet.http.HttpServletRequest,javax.servlet.http.HttpServletResponse)
[INFO ] 2017-10-12 11:38:29.372 [main] RequestMappingHandlerAdapter - Looking for @ControllerAdvice: org.springframework.boot.context.embedded.AnnotationConfigEmbeddedWebApplicationContext@43c1b556: startup date [Thu Oct 12 11:38:26 CST 2017]; root of context hierarchy
[INFO ] 2017-10-12 11:38:29.411 [main] SimpleUrlHandlerMapping - Mapped URL path [/webjars/**] onto handler of type [class org.springframework.web.servlet.resource.ResourceHttpRequestHandler]
[INFO ] 2017-10-12 11:38:29.411 [main] SimpleUrlHandlerMapping - Mapped URL path [/**] onto handler of type [class org.springframework.web.servlet.resource.ResourceHttpRequestHandler]
[INFO ] 2017-10-12 11:38:29.438 [main] SimpleUrlHandlerMapping - Mapped URL path [/**/favicon.ico] onto handler of type [class org.springframework.web.servlet.resource.ResourceHttpRequestHandler]
[WARN ] 2017-10-12 11:38:29.614 [main] RedisStarterDeprecationWarningAutoConfiguration - spring-boot-starter-redis is deprecated as of Spring Boot 1.4, please migrate to spring-boot-starter-data-redis
[INFO ] 2017-10-12 11:38:29.651 [main] AnnotationMBeanExporter - Registering beans for JMX exposure on startup
[INFO ] 2017-10-12 11:38:29.657 [main] DefaultLifecycleProcessor - Starting beans in phase 2147483647
[INFO ] 2017-10-12 11:38:29.658 [main] DocumentationPluginsBootstrapper - Context refreshed
[INFO ] 2017-10-12 11:38:29.671 [main] DocumentationPluginsBootstrapper - Found 1 custom documentation plugin(s)
[INFO ] 2017-10-12 11:38:29.680 [main] ApiListingReferenceScanner - Scanning for api listing references
[INFO ] 2017-10-12 11:38:29.779 [main] Http11NioProtocol - Initializing ProtocolHandler ["http-nio-9001"]
[INFO ] 2017-10-12 11:38:29.787 [main] Http11NioProtocol - Starting ProtocolHandler ["http-nio-9001"]
[INFO ] 2017-10-12 11:38:29.796 [main] NioSelectorPool - Using a shared selector for servlet write/read
[INFO ] 2017-10-12 11:38:29.808 [main] TomcatEmbeddedServletContainer - Tomcat started on port(s): 9001 (http)
[INFO ] 2017-10-12 11:38:29.812 [main] PatentServerApplication - Started PatentServerApplication in 3.13 seconds (JVM running for 3.818)
[INFO ] 2017-10-12 11:38:32.355 [http-nio-9001-exec-1] [/gamecenter] - Initializing Spring FrameworkServlet 'dispatcherServlet'
[INFO ] 2017-10-12 11:38:32.355 [http-nio-9001-exec-1] DispatcherServlet - FrameworkServlet 'dispatcherServlet': initialization started
[INFO ] 2017-10-12 11:38:32.371 [http-nio-9001-exec-1] DispatcherServlet - FrameworkServlet 'dispatcherServlet': initialization completed in 16 ms
[INFO ] 2017-10-12 11:38:32.390 [http-nio-9001-exec-1] GameCenterController - top10
[INFO ] 2017-10-12 12:53:36.481 [RMI TCP Connection(2)-127.0.0.1] SpringApplicationAdminMXBeanRegistrar$SpringApplicationAdmin - Application shutdown requested.
[INFO ] 2017-10-12 12:53:36.485 [RMI TCP Connection(2)-127.0.0.1] AnnotationConfigEmbeddedWebApplicationContext - Closing org.springframework.boot.context.embedded.AnnotationConfigEmbeddedWebApplicationContext@43c1b556: startup date [Thu Oct 12 11:38:26 CST 2017]; root of context hierarchy
[INFO ] 2017-10-12 12:53:36.495 [RMI TCP Connection(2)-127.0.0.1] DefaultLifecycleProcessor - Stopping beans in phase 2147483647
[INFO ] 2017-10-12 12:53:36.498 [RMI TCP Connection(2)-127.0.0.1] AnnotationMBeanExporter - Unregistering JMX-exposed beans on shutdown
